<?xml version="1.0" encoding="UTF-8"?>
<!-- Generated by org.testng.reporters.JUnitReportReporter -->
<testsuite hostname="IND-SagarBavisa-Dell3420" failures="0" tests="1" name="LibraryApiTest" time="3.479" errors="0" timestamp="2023-03-09T15:19:49 IST" skipped="0">
  <testcase classname="LibraryApiTest" name="postapi" time="3.479"/>
  <system-out/>
</testsuite> <!-- LibraryApiTest -->
